This file contains any messages produced by compilers while
running configure, to aid debugging if configure makes a mistake.

It was created by configure, which was
generated by GNU Autoconf 2.68.  Invocation command line was

  $ ./configure 

## --------- ##
## Platform. ##
## --------- ##

hostname = NevilleX201
uname -m = i686
uname -r = 1.7.16(0.262/5/3)
uname -s = CYGWIN_NT-6.1
uname -v = 2012-07-20 22:55

/usr/bin/uname -p = unknown
/bin/uname -X     = unknown

/bin/arch              = i686
/usr/bin/arch -k       = unknown
/usr/convex/getsysinfo = unknown
/usr/bin/hostinfo      = unknown
/bin/machine           = unknown
/usr/bin/oslevel       = unknown
/bin/universe          = unknown

PATH: /usr/local/bin
PATH: /usr/bin
PATH: /cygdrive/c/Program Files/Common Files/Microsoft Shared/Windows Live
PATH: /cygdrive/c/Program Files/Microchip/mplabc32/v2.02/bin
PATH: /cygdrive/c/Program Files/Microchip/mplabc32/v2.01/bin
PATH: /cygdrive/c/WinAVR-20100110/bin
PATH: /cygdrive/c/WinAVR-20100110/utils/bin
PATH: /cygdrive/c/Windows/system32
PATH: /cygdrive/c/Windows
PATH: /cygdrive/c/Windows/system32/wbem
PATH: /cygdrive/c/Windows/system32/windowspowershell/v1.0
PATH: /cygdrive/c/program files/thinkpad/bluetooth software
PATH: /cygdrive/c/program files/intel/wifi/bin
PATH: /cygdrive/c/program files/common files/intel/wirelesscommon
PATH: /cygdrive/c/program files/common files/lenovo
PATH: /cygdrive/c/program files/lenovo/access connections
PATH: /cygdrive/c/Program Files/MATLAB71/bin/win32
PATH: /cygdrive/c/PROGRA~1/PICC
PATH: /cygdrive/c/Program Files/TortoiseHg
PATH: /cygdrive/c/Program Files/Microchip/MPLAB C32 Suite/bin
PATH: /cygdrive/c/Program Files/Microchip/MPLAB IDE/VDI
PATH: /cygdrive/c/PROGRA~1/PICC
PATH: /cygdrive/c/Program Files/IVI/bin
PATH: /cygdrive/c/Program Files/IVI Foundation/VISA/WinNT/Bin
PATH: /cygdrive/c/Program Files/QuickTime/QTSystem
PATH: /cygdrive/c/Program Files/Microchip/MPLAB C30/bin
PATH: /cygdrive/c/Program Files/MATLAB/R2011a/runtime/win32
PATH: /cygdrive/c/Program Files/MATLAB/R2011a/bin
PATH: /cygdrive/c/Program Files/TortoiseSVN/bin
PATH: /cygdrive/c/Program Files/Windows Live/Shared
PATH: /cygdrive/c/Program Files/Calibre2
PATH: /cygdrive/c/Program Files/Microchip/mplabc32/v2.02/bin
PATH: /cygdrive/c/Program Files/Microchip/mplabc32/v2.01/bin
PATH: /cygdrive/c/Program Files/Microchip/MPLAB C30/bin
PATH: /cygdrive/c/Program Files/Microchip/MPLAB C30/bin
PATH: /cygdrive/c/Program Files/Atmel/AVR Tools/STK500


## ----------- ##
## Core tests. ##
## ----------- ##

configure:2279: checking for gcc
configure:2295: found /usr/bin/gcc
configure:2306: result: gcc
configure:2535: checking for C compiler version
configure:2544: gcc --version >&5
gcc (GCC) 4.5.3
Copyright (C) 2010 Free Software Foundation, Inc.
This is free software; see the source for copying conditions.  There is NO
warranty; not even for MERCHANTABILITY or FITNESS FOR A PARTICULAR PURPOSE.

configure:2555: $? = 0
configure:2544: gcc -v >&5
Using built-in specs.
COLLECT_GCC=gcc
COLLECT_LTO_WRAPPER=/usr/lib/gcc/i686-pc-cygwin/4.5.3/lto-wrapper.exe
Target: i686-pc-cygwin
Configured with: /gnu/gcc/releases/respins/4.5.3-3/gcc4-4.5.3-3/src/gcc-4.5.3/configure --srcdir=/gnu/gcc/releases/respins/4.5.3-3/gcc4-4.5.3-3/src/gcc-4.5.3 --prefix=/usr --exec-prefix=/usr --bindir=/usr/bin --sbindir=/usr/sbin --libexecdir=/usr/lib --datadir=/usr/share --localstatedir=/var --sysconfdir=/etc --datarootdir=/usr/share --docdir=/usr/share/doc/gcc4 -C --datadir=/usr/share --infodir=/usr/share/info --mandir=/usr/share/man -v --with-gmp=/usr --with-mpfr=/usr --enable-bootstrap --enable-version-specific-runtime-libs --libexecdir=/usr/lib --enable-static --enable-shared --enable-shared-libgcc --disable-__cxa_atexit --with-gnu-ld --with-gnu-as --with-dwarf2 --disable-sjlj-exceptions --enable-languages=ada,c,c++,fortran,java,lto,objc,obj-c++ --enable-graphite --enable-lto --enable-java-awt=gtk --disable-symvers --enable-libjava --program-suffix=-4 --enable-libgomp --enable-libssp --enable-libada --enable-threads=posix --with-arch=i686 --with-tune=generic --enable-libgcj-sublibs CC=gcc-4 CXX=g++-4 CC_FOR_TARGET=gcc-4 CXX_FOR_TARGET=g++-4 GNATMAKE_FOR_TARGET=gnatmake GNATBIND_FOR_TARGET=gnatbind --with-ecj-jar=/usr/share/java/ecj.jar
Thread model: posix
gcc version 4.5.3 (GCC) 
configure:2555: $? = 0
configure:2544: gcc -V >&5
gcc: '-V' option must have argument
configure:2555: $? = 1
configure:2544: gcc -qversion >&5
gcc: unrecognized option '-qversion'
gcc: no input files
configure:2555: $? = 1
configure:2575: checking whether the C compiler works
configure:2597: gcc    conftest.c  >&5
configure:2601: $? = 0
configure:2649: result: yes
configure:2652: checking for C compiler default output file name
configure:2654: result: a.exe
configure:2660: checking for suffix of executables
configure:2667: gcc -o conftest.exe    conftest.c  >&5
configure:2671: $? = 0
configure:2693: result: .exe
configure:2715: checking whether we are cross compiling
configure:2723: gcc -o conftest.exe    conftest.c  >&5
configure:2727: $? = 0
configure:2734: ./conftest.exe
configure:2738: $? = 0
configure:2753: result: no
configure:2758: checking for suffix of object files
configure:2780: gcc -c   conftest.c >&5
configure:2784: $? = 0
configure:2805: result: o
configure:2809: checking whether we are using the GNU C compiler
configure:2828: gcc -c   conftest.c >&5
configure:2828: $? = 0
configure:2837: result: yes
configure:2846: checking whether gcc accepts -g
configure:2866: gcc -c -g  conftest.c >&5
configure:2866: $? = 0
configure:2907: result: yes
configure:2924: checking for gcc option to accept ISO C89
configure:2988: gcc  -c -g -O2  conftest.c >&5
configure:2988: $? = 0
configure:3001: result: none needed
configure:3064: checking for a BSD-compatible install
configure:3132: result: /usr/bin/install -c
configure:3209: checking build system type
configure:3223: result: i686-pc-cygwin
configure:3243: checking host system type
configure:3256: result: i686-pc-cygwin
configure:3281: checking for an ANSI C-conforming const
configure:3346: gcc -c -g -O2  conftest.c >&5
configure:3346: $? = 0
configure:3353: result: yes
configure:3366: checking how to run the C preprocessor
configure:3397: gcc -E  conftest.c
configure:3397: $? = 0
configure:3411: gcc -E  conftest.c
conftest.c:9:28: fatal error: ac_nonexistent.h: No such file or directory
compilation terminated.
configure:3411: $? = 1
configure: failed program was:
| /* confdefs.h */
| #define PACKAGE_NAME ""
| #define PACKAGE_TARNAME ""
| #define PACKAGE_VERSION ""
| #define PACKAGE_STRING ""
| #define PACKAGE_BUGREPORT ""
| #define PACKAGE_URL ""
| /* end confdefs.h.  */
| #include <ac_nonexistent.h>
configure:3436: result: gcc -E
configure:3456: gcc -E  conftest.c
configure:3456: $? = 0
configure:3470: gcc -E  conftest.c
conftest.c:9:28: fatal error: ac_nonexistent.h: No such file or directory
compilation terminated.
configure:3470: $? = 1
configure: failed program was:
| /* confdefs.h */
| #define PACKAGE_NAME ""
| #define PACKAGE_TARNAME ""
| #define PACKAGE_VERSION ""
| #define PACKAGE_STRING ""
| #define PACKAGE_BUGREPORT ""
| #define PACKAGE_URL ""
| /* end confdefs.h.  */
| #include <ac_nonexistent.h>
configure:3499: checking for X
configure:3638: gcc -o conftest.exe -g -O2   conftest.c -lX11  >&5
configure:3638: $? = 0
configure:3688: result: libraries , headers 
configure:3787: gcc -o conftest.exe -g -O2   conftest.c   -lX11 >&5
configure:3787: $? = 0
configure:3885: checking for gethostbyname
configure:3885: gcc -o conftest.exe -g -O2   conftest.c  >&5
configure:3885: $? = 0
configure:3885: result: yes
configure:3982: checking for connect
configure:3982: gcc -o conftest.exe -g -O2   conftest.c  >&5
configure:3982: $? = 0
configure:3982: result: yes
configure:4031: checking for remove
configure:4031: gcc -o conftest.exe -g -O2   conftest.c  >&5
configure:4031: $? = 0
configure:4031: result: yes
configure:4080: checking for shmat
configure:4080: gcc -o conftest.exe -g -O2   conftest.c  >&5
configure:4080: $? = 0
configure:4080: result: yes
configure:4138: checking for IceConnectionNumber in -lICE
configure:4163: gcc -o conftest.exe -g -O2   conftest.c -lICE   >&5
configure:4163: $? = 0
configure:4172: result: yes
configure:4199: checking for XOpenDevice in -lXi
configure:4224: gcc -o conftest.exe -g -O2   conftest.c -lXi   -lSM -lICE  -lX11   >&5
configure:4224: $? = 0
configure:4233: result: yes
configure:4242: checking for XkbQueryExtension in -lxkbui
configure:4267: gcc -o conftest.exe -g -O2   conftest.c -lxkbui   -lSM -lICE  -lX11 -lm   >&5
/usr/lib/gcc/i686-pc-cygwin/4.5.3/../../../../i686-pc-cygwin/bin/ld: cannot find -lxkbui
collect2: ld returned 1 exit status
configure:4267: $? = 1
configure: failed program was:
| /* confdefs.h */
| #define PACKAGE_NAME ""
| #define PACKAGE_TARNAME ""
| #define PACKAGE_VERSION ""
| #define PACKAGE_STRING ""
| #define PACKAGE_BUGREPORT ""
| #define PACKAGE_URL ""
| /* end confdefs.h.  */
| 
| /* Override any GCC internal prototype to avoid an error.
|    Use char because int might match the return type of a GCC
|    builtin and then its argument prototype would still apply.  */
| #ifdef __cplusplus
| extern "C"
| #endif
| char XkbQueryExtension ();
| int
| main ()
| {
| return XkbQueryExtension ();
|   ;
|   return 0;
| }
configure:4276: result: no
configure:4379: checking for grep that handles long lines and -e
configure:4437: result: /usr/bin/grep
configure:4442: checking for egrep
configure:4504: result: /usr/bin/grep -E
configure:4509: checking for ANSI C header files
configure:4529: gcc -c -g -O2  conftest.c >&5
configure:4529: $? = 0
configure:4602: gcc -o conftest.exe -g -O2   -L/usr/local/lib conftest.c  >&5
configure:4602: $? = 0
configure:4602: ./conftest.exe
configure:4602: $? = 0
configure:4613: result: yes
configure:4626: checking for sys/types.h
configure:4626: gcc -c -g -O2  conftest.c >&5
configure:4626: $? = 0
configure:4626: result: yes
configure:4626: checking for sys/stat.h
configure:4626: gcc -c -g -O2  conftest.c >&5
configure:4626: $? = 0
configure:4626: result: yes
configure:4626: checking for stdlib.h
configure:4626: gcc -c -g -O2  conftest.c >&5
configure:4626: $? = 0
configure:4626: result: yes
configure:4626: checking for string.h
configure:4626: gcc -c -g -O2  conftest.c >&5
configure:4626: $? = 0
configure:4626: result: yes
configure:4626: checking for memory.h
configure:4626: gcc -c -g -O2  conftest.c >&5
configure:4626: $? = 0
configure:4626: result: yes
configure:4626: checking for strings.h
configure:4626: gcc -c -g -O2  conftest.c >&5
configure:4626: $? = 0
configure:4626: result: yes
configure:4626: checking for inttypes.h
configure:4626: gcc -c -g -O2  conftest.c >&5
configure:4626: $? = 0
configure:4626: result: yes
configure:4626: checking for stdint.h
configure:4626: gcc -c -g -O2  conftest.c >&5
configure:4626: $? = 0
configure:4626: result: yes
configure:4626: checking for unistd.h
configure:4626: gcc -c -g -O2  conftest.c >&5
configure:4626: $? = 0
configure:4626: result: yes
configure:4638: checking whether byte ordering is bigendian
configure:4653: gcc -c -g -O2  conftest.c >&5
conftest.c:25:13: error: expected '=', ',', ';', 'asm' or '__attribute__' before 'a'
configure:4653: $? = 1
configure: failed program was:
| /* confdefs.h */
| #define PACKAGE_NAME ""
| #define PACKAGE_TARNAME ""
| #define PACKAGE_VERSION ""
| #define PACKAGE_STRING ""
| #define PACKAGE_BUGREPORT ""
| #define PACKAGE_URL ""
| #define _NO_XKB 1
| #define _BrokenBitmapImages 1
| #define _ModKeysAutoRepeat 1
| #define __CygWin 1
| #define _NO_XINPUT 1
| #define STDC_HEADERS 1
| #define HAVE_SYS_TYPES_H 1
| #define HAVE_SYS_STAT_H 1
| #define HAVE_STDLIB_H 1
| #define HAVE_STRING_H 1
| #define HAVE_MEMORY_H 1
| #define HAVE_STRINGS_H 1
| #define HAVE_INTTYPES_H 1
| #define HAVE_STDINT_H 1
| #define HAVE_UNISTD_H 1
| /* end confdefs.h.  */
| #ifndef __APPLE_CC__
| 	       not a universal capable compiler
| 	     #endif
| 	     typedef int dummy;
| 
configure:4698: gcc -c -g -O2  conftest.c >&5
configure:4698: $? = 0
configure:4716: gcc -c -g -O2  conftest.c >&5
conftest.c: In function 'main':
conftest.c:31:4: error: 'not' undeclared (first use in this function)
conftest.c:31:4: note: each undeclared identifier is reported only once for each function it appears in
conftest.c:31:8: error: expected ';' before 'big'
configure:4716: $? = 1
configure: failed program was:
| /* confdefs.h */
| #define PACKAGE_NAME ""
| #define PACKAGE_TARNAME ""
| #define PACKAGE_VERSION ""
| #define PACKAGE_STRING ""
| #define PACKAGE_BUGREPORT ""
| #define PACKAGE_URL ""
| #define _NO_XKB 1
| #define _BrokenBitmapImages 1
| #define _ModKeysAutoRepeat 1
| #define __CygWin 1
| #define _NO_XINPUT 1
| #define STDC_HEADERS 1
| #define HAVE_SYS_TYPES_H 1
| #define HAVE_SYS_STAT_H 1
| #define HAVE_STDLIB_H 1
| #define HAVE_STRING_H 1
| #define HAVE_MEMORY_H 1
| #define HAVE_STRINGS_H 1
| #define HAVE_INTTYPES_H 1
| #define HAVE_STDINT_H 1
| #define HAVE_UNISTD_H 1
| /* end confdefs.h.  */
| #include <sys/types.h>
| 		#include <sys/param.h>
| 
| int
| main ()
| {
| #if BYTE_ORDER != BIG_ENDIAN
| 		 not big endian
| 		#endif
| 
|   ;
|   return 0;
| }
configure:4844: result: no
configure:4909: checking how to print strings
configure:4936: result: printf
configure:4957: checking for a sed that does not truncate output
configure:5021: result: /usr/bin/sed
configure:5039: checking for fgrep
configure:5101: result: /usr/bin/grep -F
configure:5136: checking for ld used by gcc
configure:5203: result: /usr/i686-pc-cygwin/bin/ld.exe
configure:5210: checking if the linker (/usr/i686-pc-cygwin/bin/ld.exe) is GNU ld
configure:5225: result: yes
configure:5237: checking for BSD- or MS-compatible name lister (nm)
configure:5286: result: /usr/bin/nm -B
configure:5416: checking the name lister (/usr/bin/nm -B) interface
configure:5423: gcc -c -g -O2  conftest.c >&5
configure:5426: /usr/bin/nm -B "conftest.o"
configure:5429: output
00000000 b .bss
00000000 d .data
00000000 N .debug_abbrev
00000000 N .debug_info
00000000 N .debug_line
00000000 N .debug_pubnames
00000000 t .text
00000000 B _some_variable
configure:5436: result: BSD nm
configure:5439: checking whether ln -s works
configure:5443: result: yes
configure:5451: checking the maximum length of command line arguments
configure:5581: result: 8192
configure:5598: checking whether the shell understands some XSI constructs
configure:5608: result: yes
configure:5612: checking whether the shell understands "+="
configure:5618: result: yes
configure:5653: checking how to convert i686-pc-cygwin file names to i686-pc-cygwin format
configure:5693: result: func_convert_file_noop
configure:5700: checking how to convert i686-pc-cygwin file names to toolchain format
configure:5720: result: func_convert_file_noop
configure:5727: checking for /usr/i686-pc-cygwin/bin/ld.exe option to reload object files
configure:5734: result: -r
configure:5808: checking for objdump
configure:5824: found /usr/bin/objdump
configure:5835: result: objdump
configure:5867: checking how to recognize dependent libraries
configure:6069: result: file_magic ^x86 archive import|^x86 DLL
configure:6154: checking for dlltool
configure:6170: found /usr/bin/dlltool
configure:6181: result: dlltool
configure:6214: checking how to associate runtime and link libraries
configure:6241: result: func_cygming_dll_for_implib
configure:6301: checking for ar
configure:6317: found /usr/bin/ar
configure:6328: result: ar
configure:6365: checking for archiver @FILE support
configure:6382: gcc -c -g -O2  conftest.c >&5
configure:6382: $? = 0
configure:6385: ar cru libconftest.a @conftest.lst >&5
configure:6388: $? = 0
configure:6393: ar cru libconftest.a @conftest.lst >&5
ar: conftest.o: No such file or directory
configure:6396: $? = 1
configure:6408: result: @
configure:6466: checking for strip
configure:6482: found /usr/bin/strip
configure:6493: result: strip
configure:6565: checking for ranlib
configure:6581: found /usr/bin/ranlib
configure:6592: result: ranlib
configure:6669: checking for gawk
configure:6685: found /usr/bin/gawk
configure:6696: result: gawk
configure:6736: checking command to parse /usr/bin/nm -B output from gcc object
configure:6856: gcc -c -g -O2  conftest.c >&5
configure:6859: $? = 0
configure:6863: /usr/bin/nm -B conftest.o \| sed -n -e 's/^.*[ ]\([ABCDGIRSTW][ABCDGIRSTW]*\)[ ][ ]*\([_A-Za-z][_A-Za-z0-9]*\)$/\1 \2 \2/p' | sed '/ __gnu_lto/d' \> conftest.nm
configure:6866: $? = 0
cannot find nm_test_var in conftest.nm
configure:6856: gcc -c -g -O2  conftest.c >&5
configure:6859: $? = 0
configure:6863: /usr/bin/nm -B conftest.o \| sed -n -e 's/^.*[ ]\([ABCDGIRSTW][ABCDGIRSTW]*\)[ ][ ]*_\([_A-Za-z][_A-Za-z0-9]*\)$/\1 _\2 \2/p' | sed '/ __gnu_lto/d' \> conftest.nm
configure:6866: $? = 0
configure:6932: gcc -o conftest.exe -g -O2   -L/usr/local/lib conftest.c conftstm.o >&5
configure:6935: $? = 0
configure:6973: result: ok
configure:7010: checking for sysroot
configure:7040: result: no
configure:7296: checking for mt
configure:7326: result: no
configure:7346: checking if : is a manifest tool
configure:7352: : '-?'
configure:7360: result: no
configure:7999: checking for dlfcn.h
configure:7999: gcc -c -g -O2  conftest.c >&5
configure:7999: $? = 0
configure:7999: result: yes
configure:8145: checking for objdir
configure:8160: result: .libs
configure:8427: checking if gcc supports -fno-rtti -fno-exceptions
configure:8445: gcc -c -g -O2  -fno-rtti -fno-exceptions conftest.c >&5
cc1: warning: command line option "-fno-rtti" is valid for C++/ObjC++ but not for C
configure:8449: $? = 0
configure:8462: result: no
configure:8789: checking for gcc option to produce PIC
configure:8796: result: -DDLL_EXPORT -DPIC
configure:8804: checking if gcc PIC flag -DDLL_EXPORT -DPIC works
configure:8822: gcc -c -g -O2  -DDLL_EXPORT -DPIC -DPIC conftest.c >&5
configure:8826: $? = 0
configure:8839: result: yes
configure:8868: checking if gcc static flag -static works
configure:8896: result: yes
configure:8911: checking if gcc supports -c -o file.o
configure:8932: gcc -c -g -O2  -o out/conftest2.o conftest.c >&5
configure:8936: $? = 0
configure:8958: result: yes
configure:8966: checking if gcc supports -c -o file.o
configure:9013: result: yes
configure:9046: checking whether the gcc linker (/usr/i686-pc-cygwin/bin/ld.exe) supports shared libraries
configure:10199: result: yes
configure:10236: checking whether -lc should be explicitly linked in
configure:10244: gcc -c -g -O2  conftest.c >&5
configure:10247: $? = 0
configure:10262: gcc -shared conftest.o  -v -o ./conftest -Wl,--enable-auto-image-base -Xlinker --out-implib -Xlinker conftest 2\>\&1 \| /usr/bin/grep  -lc  \>/dev/null 2\>\&1
configure:10265: $? = 1
configure:10279: result: yes
configure:10439: checking dynamic linker characteristics
configure:11172: result: Win32 ld.exe
configure:11279: checking how to hardcode library paths into programs
configure:11304: result: immediate
configure:11844: checking whether stripping libraries is possible
configure:11849: result: yes
configure:11884: checking if libtool supports shared libraries
configure:11886: result: yes
configure:11889: checking whether to build shared libraries
configure:11910: result: yes
configure:11913: checking whether to build static libraries
configure:11917: result: no
configure:12036: checking for library containing dlopen
configure:12067: gcc -o conftest.exe -g -O2   -L/usr/local/lib conftest.c  >&5
configure:12067: $? = 0
configure:12084: result: none required
configure:12091: checking for library containing inet_aton
configure:12122: gcc -o conftest.exe -g -O2   -L/usr/local/lib conftest.c  >&5
configure:12122: $? = 0
configure:12139: result: none required
configure:12149: checking for library containing iconv
configure:12180: gcc -o conftest.exe -g -O2   -L/usr/local/lib conftest.c  >&5
/tmp/ccUlPD6h.o: In function `main':
/home/Rudy/fontforge/conftest.c:37: undefined reference to `_iconv'
collect2: ld returned 1 exit status
configure:12180: $? = 1
configure: failed program was:
| /* confdefs.h */
| #define PACKAGE_NAME ""
| #define PACKAGE_TARNAME ""
| #define PACKAGE_VERSION ""
| #define PACKAGE_STRING ""
| #define PACKAGE_BUGREPORT ""
| #define PACKAGE_URL ""
| #define _NO_XKB 1
| #define _BrokenBitmapImages 1
| #define _ModKeysAutoRepeat 1
| #define __CygWin 1
| #define _NO_XINPUT 1
| #define STDC_HEADERS 1
| #define HAVE_SYS_TYPES_H 1
| #define HAVE_SYS_STAT_H 1
| #define HAVE_STDLIB_H 1
| #define HAVE_STRING_H 1
| #define HAVE_MEMORY_H 1
| #define HAVE_STRINGS_H 1
| #define HAVE_INTTYPES_H 1
| #define HAVE_STDINT_H 1
| #define HAVE_UNISTD_H 1
| #define HAVE_DLFCN_H 1
| #define LT_OBJDIR ".libs/"
| /* end confdefs.h.  */
| 
| /* Override any GCC internal prototype to avoid an error.
|    Use char because int might match the return type of a GCC
|    builtin and then its argument prototype would still apply.  */
| #ifdef __cplusplus
| extern "C"
| #endif
| char iconv ();
| int
| main ()
| {
| return iconv ();
|   ;
|   return 0;
| }
configure:12180: gcc -o conftest.exe -g -O2   -L/usr/local/lib conftest.c -liconv   >&5
/tmp/ccF1q6pZ.o: In function `main':
/home/Rudy/fontforge/conftest.c:37: undefined reference to `_iconv'
collect2: ld returned 1 exit status
configure:12180: $? = 1
configure: failed program was:
| /* confdefs.h */
| #define PACKAGE_NAME ""
| #define PACKAGE_TARNAME ""
| #define PACKAGE_VERSION ""
| #define PACKAGE_STRING ""
| #define PACKAGE_BUGREPORT ""
| #define PACKAGE_URL ""
| #define _NO_XKB 1
| #define _BrokenBitmapImages 1
| #define _ModKeysAutoRepeat 1
| #define __CygWin 1
| #define _NO_XINPUT 1
| #define STDC_HEADERS 1
| #define HAVE_SYS_TYPES_H 1
| #define HAVE_SYS_STAT_H 1
| #define HAVE_STDLIB_H 1
| #define HAVE_STRING_H 1
| #define HAVE_MEMORY_H 1
| #define HAVE_STRINGS_H 1
| #define HAVE_INTTYPES_H 1
| #define HAVE_STDINT_H 1
| #define HAVE_UNISTD_H 1
| #define HAVE_DLFCN_H 1
| #define LT_OBJDIR ".libs/"
| /* end confdefs.h.  */
| 
| /* Override any GCC internal prototype to avoid an error.
|    Use char because int might match the return type of a GCC
|    builtin and then its argument prototype would still apply.  */
| #ifdef __cplusplus
| extern "C"
| #endif
| char iconv ();
| int
| main ()
| {
| return iconv ();
|   ;
|   return 0;
| }
configure:12197: result: no
configure:12204: checking for library containing libiconv
configure:12235: gcc -o conftest.exe -g -O2   -L/usr/local/lib conftest.c  >&5
/tmp/ccVRoPtn.o: In function `main':
/home/Rudy/fontforge/conftest.c:37: undefined reference to `_libiconv'
collect2: ld returned 1 exit status
configure:12235: $? = 1
configure: failed program was:
| /* confdefs.h */
| #define PACKAGE_NAME ""
| #define PACKAGE_TARNAME ""
| #define PACKAGE_VERSION ""
| #define PACKAGE_STRING ""
| #define PACKAGE_BUGREPORT ""
| #define PACKAGE_URL ""
| #define _NO_XKB 1
| #define _BrokenBitmapImages 1
| #define _ModKeysAutoRepeat 1
| #define __CygWin 1
| #define _NO_XINPUT 1
| #define STDC_HEADERS 1
| #define HAVE_SYS_TYPES_H 1
| #define HAVE_SYS_STAT_H 1
| #define HAVE_STDLIB_H 1
| #define HAVE_STRING_H 1
| #define HAVE_MEMORY_H 1
| #define HAVE_STRINGS_H 1
| #define HAVE_INTTYPES_H 1
| #define HAVE_STDINT_H 1
| #define HAVE_UNISTD_H 1
| #define HAVE_DLFCN_H 1
| #define LT_OBJDIR ".libs/"
| /* end confdefs.h.  */
| 
| /* Override any GCC internal prototype to avoid an error.
|    Use char because int might match the return type of a GCC
|    builtin and then its argument prototype would still apply.  */
| #ifdef __cplusplus
| extern "C"
| #endif
| char libiconv ();
| int
| main ()
| {
| return libiconv ();
|   ;
|   return 0;
| }
configure:12235: gcc -o conftest.exe -g -O2   -L/usr/local/lib conftest.c -liconv   >&5
configure:12235: $? = 0
configure:12252: result: -liconv
configure:12480: checking for tzset
configure:12480: gcc -o conftest.exe -g -O2  -I/usr/include/python2.6  -L/usr/local/lib conftest.c -liconv  /usr/lib/python2.6/config/libpython2.6.dll.a >&5
configure:12480: $? = 0
configure:12480: result: yes
configure:12494: checking for /usr/include/freetype2
configure:12508: result: yes
configure:12593: checking for /usr/include/libxml2/libxml
configure:12606: result: no
configure:12612: checking for /usr/local/include/libxml2/libxml
configure:12625: result: no
configure:12638: checking for DGifOpenFileName in -lgif
configure:12663: gcc -o conftest.exe -g -O2 -I/usr/include/freetype2/ -I/usr/include/freetype2  -I/usr/include/python2.6  -L/usr/local/lib conftest.c -lgif  -liconv  /usr/lib/python2.6/config/libpython2.6.dll.a >&5
configure:12663: $? = 0
configure:12672: result: yes
configure:12688: gcc -c -g -O2 -I/usr/include/freetype2/ -I/usr/include/freetype2  -I/usr/include/python2.6 conftest.c >&5
configure:12688: $? = 0
configure:12769: checking for deflateEnd in -lz
configure:12794: gcc -o conftest.exe -g -O2 -I/usr/include/freetype2/ -I/usr/include/freetype2  -I/usr/include/python2.6  -L/usr/local/lib conftest.c -lz -lm -liconv  /usr/lib/python2.6/config/libpython2.6.dll.a >&5
configure:12794: $? = 0
configure:12803: result: yes
configure:12812: checking for png_create_read_struct in -lpng16
configure:12837: gcc -o conftest.exe -g -O2 -I/usr/include/freetype2/ -I/usr/include/freetype2  -I/usr/include/python2.6  -L/usr/local/lib conftest.c -lpng16 -lz -lm -liconv  /usr/lib/python2.6/config/libpython2.6.dll.a >&5
/usr/lib/gcc/i686-pc-cygwin/4.5.3/../../../../i686-pc-cygwin/bin/ld: cannot find -lpng16
collect2: ld returned 1 exit status
configure:12837: $? = 1
configure: failed program was:
| /* confdefs.h */
| #define PACKAGE_NAME ""
| #define PACKAGE_TARNAME ""
| #define PACKAGE_VERSION ""
| #define PACKAGE_STRING ""
| #define PACKAGE_BUGREPORT ""
| #define PACKAGE_URL ""
| #define _NO_XKB 1
| #define _BrokenBitmapImages 1
| #define _ModKeysAutoRepeat 1
| #define __CygWin 1
| #define _NO_XINPUT 1
| #define STDC_HEADERS 1
| #define HAVE_SYS_TYPES_H 1
| #define HAVE_SYS_STAT_H 1
| #define HAVE_STDLIB_H 1
| #define HAVE_STRING_H 1
| #define HAVE_MEMORY_H 1
| #define HAVE_STRINGS_H 1
| #define HAVE_INTTYPES_H 1
| #define HAVE_STDINT_H 1
| #define HAVE_UNISTD_H 1
| #define HAVE_DLFCN_H 1
| #define LT_OBJDIR ".libs/"
| #define PYTHON_LIB_NAME "python2.6"
| #define _NO_LIBXML 1
| /* end confdefs.h.  */
| 
| /* Override any GCC internal prototype to avoid an error.
|    Use char because int might match the return type of a GCC
|    builtin and then its argument prototype would still apply.  */
| #ifdef __cplusplus
| extern "C"
| #endif
| char png_create_read_struct ();
| int
| main ()
| {
| return png_create_read_struct ();
|   ;
|   return 0;
| }
configure:12846: result: no
configure:12853: checking for png_create_read_struct in -lpng15
configure:12878: gcc -o conftest.exe -g -O2 -I/usr/include/freetype2/ -I/usr/include/freetype2  -I/usr/include/python2.6  -L/usr/local/lib conftest.c -lpng15 -lz -lm -liconv  /usr/lib/python2.6/config/libpython2.6.dll.a >&5
/usr/lib/gcc/i686-pc-cygwin/4.5.3/../../../../i686-pc-cygwin/bin/ld: cannot find -lpng15
collect2: ld returned 1 exit status
configure:12878: $? = 1
configure: failed program was:
| /* confdefs.h */
| #define PACKAGE_NAME ""
| #define PACKAGE_TARNAME ""
| #define PACKAGE_VERSION ""
| #define PACKAGE_STRING ""
| #define PACKAGE_BUGREPORT ""
| #define PACKAGE_URL ""
| #define _NO_XKB 1
| #define _BrokenBitmapImages 1
| #define _ModKeysAutoRepeat 1
| #define __CygWin 1
| #define _NO_XINPUT 1
| #define STDC_HEADERS 1
| #define HAVE_SYS_TYPES_H 1
| #define HAVE_SYS_STAT_H 1
| #define HAVE_STDLIB_H 1
| #define HAVE_STRING_H 1
| #define HAVE_MEMORY_H 1
| #define HAVE_STRINGS_H 1
| #define HAVE_INTTYPES_H 1
| #define HAVE_STDINT_H 1
| #define HAVE_UNISTD_H 1
| #define HAVE_DLFCN_H 1
| #define LT_OBJDIR ".libs/"
| #define PYTHON_LIB_NAME "python2.6"
| #define _NO_LIBXML 1
| /* end confdefs.h.  */
| 
| /* Override any GCC internal prototype to avoid an error.
|    Use char because int might match the return type of a GCC
|    builtin and then its argument prototype would still apply.  */
| #ifdef __cplusplus
| extern "C"
| #endif
| char png_create_read_struct ();
| int
| main ()
| {
| return png_create_read_struct ();
|   ;
|   return 0;
| }
configure:12887: result: no
configure:12894: checking for png_create_read_struct in -lpng14
configure:12919: gcc -o conftest.exe -g -O2 -I/usr/include/freetype2/ -I/usr/include/freetype2  -I/usr/include/python2.6  -L/usr/local/lib conftest.c -lpng14 -lz -lm -liconv  /usr/lib/python2.6/config/libpython2.6.dll.a >&5
configure:12919: $? = 0
configure:12928: result: yes
configure:13027: checking png.h usability
configure:13027: gcc -c -g -O2 -I/usr/include/freetype2/ -I/usr/include/freetype2  -I/usr/include/python2.6 conftest.c >&5
configure:13027: $? = 0
configure:13027: result: yes
configure:13027: checking png.h presence
configure:13027: gcc -E  -I/usr/include/python2.6 conftest.c
configure:13027: $? = 0
configure:13027: result: yes
configure:13027: checking for png.h
configure:13027: result: yes
configure:13036: checking for jpeg_CreateDecompress in -ljpeg
configure:13061: gcc -o conftest.exe -g -O2 -I/usr/include/freetype2/ -I/usr/include/freetype2  -I/usr/include/python2.6  -L/usr/local/lib conftest.c -ljpeg  -liconv  /usr/lib/python2.6/config/libpython2.6.dll.a >&5
configure:13061: $? = 0
configure:13070: result: yes
configure:13079: checking jpeglib.h usability
configure:13079: gcc -c -g -O2 -I/usr/include/freetype2/ -I/usr/include/freetype2  -I/usr/include/python2.6 conftest.c >&5
configure:13079: $? = 0
configure:13079: result: yes
configure:13079: checking jpeglib.h presence
configure:13079: gcc -E  -I/usr/include/python2.6 conftest.c
configure:13079: $? = 0
configure:13079: result: yes
configure:13079: checking for jpeglib.h
configure:13079: result: yes
configure:13088: checking for TIFFOpen in -ltiff
configure:13113: gcc -o conftest.exe -g -O2 -I/usr/include/freetype2/ -I/usr/include/freetype2  -I/usr/include/python2.6  -L/usr/local/lib conftest.c -ltiff -lm  -liconv  /usr/lib/python2.6/config/libpython2.6.dll.a >&5
configure:13113: $? = 0
configure:13122: result: yes
configure:13131: checking tiffio.h usability
configure:13131: gcc -c -g -O2 -I/usr/include/freetype2/ -I/usr/include/freetype2  -I/usr/include/python2.6 conftest.c >&5
configure:13131: $? = 0
configure:13131: result: yes
configure:13131: checking tiffio.h presence
configure:13131: gcc -E  -I/usr/include/python2.6 conftest.c
configure:13131: $? = 0
configure:13131: result: yes
configure:13131: checking for tiffio.h
configure:13131: result: yes
configure:13140: checking for TaggedSpiroCPsToBezier in -lspiro
configure:13165: gcc -o conftest.exe -g -O2 -I/usr/include/freetype2/ -I/usr/include/freetype2  -I/usr/include/python2.6  -L/usr/local/lib conftest.c -lspiro  -liconv  /usr/lib/python2.6/config/libpython2.6.dll.a >&5
/usr/lib/gcc/i686-pc-cygwin/4.5.3/../../../../i686-pc-cygwin/bin/ld: cannot find -lspiro
collect2: ld returned 1 exit status
configure:13165: $? = 1
configure: failed program was:
| /* confdefs.h */
| #define PACKAGE_NAME ""
| #define PACKAGE_TARNAME ""
| #define PACKAGE_VERSION ""
| #define PACKAGE_STRING ""
| #define PACKAGE_BUGREPORT ""
| #define PACKAGE_URL ""
| #define _NO_XKB 1
| #define _BrokenBitmapImages 1
| #define _ModKeysAutoRepeat 1
| #define __CygWin 1
| #define _NO_XINPUT 1
| #define STDC_HEADERS 1
| #define HAVE_SYS_TYPES_H 1
| #define HAVE_SYS_STAT_H 1
| #define HAVE_STDLIB_H 1
| #define HAVE_STRING_H 1
| #define HAVE_MEMORY_H 1
| #define HAVE_STRINGS_H 1
| #define HAVE_INTTYPES_H 1
| #define HAVE_STDINT_H 1
| #define HAVE_UNISTD_H 1
| #define HAVE_DLFCN_H 1
| #define LT_OBJDIR ".libs/"
| #define PYTHON_LIB_NAME "python2.6"
| #define _NO_LIBXML 1
| #define _LIBPNG14 1
| /* end confdefs.h.  */
| 
| /* Override any GCC internal prototype to avoid an error.
|    Use char because int might match the return type of a GCC
|    builtin and then its argument prototype would still apply.  */
| #ifdef __cplusplus
| extern "C"
| #endif
| char TaggedSpiroCPsToBezier ();
| int
| main ()
| {
| return TaggedSpiroCPsToBezier ();
|   ;
|   return 0;
| }
configure:13174: result: no
configure:13183: checking spiroentrypoints.h usability
configure:13183: gcc -c -g -O2 -I/usr/include/freetype2/ -I/usr/include/freetype2  -I/usr/include/python2.6 conftest.c >&5
conftest.c:63:30: fatal error: spiroentrypoints.h: No such file or directory
compilation terminated.
configure:13183: $? = 1
configure: failed program was:
| /* confdefs.h */
| #define PACKAGE_NAME ""
| #define PACKAGE_TARNAME ""
| #define PACKAGE_VERSION ""
| #define PACKAGE_STRING ""
| #define PACKAGE_BUGREPORT ""
| #define PACKAGE_URL ""
| #define _NO_XKB 1
| #define _BrokenBitmapImages 1
| #define _ModKeysAutoRepeat 1
| #define __CygWin 1
| #define _NO_XINPUT 1
| #define STDC_HEADERS 1
| #define HAVE_SYS_TYPES_H 1
| #define HAVE_SYS_STAT_H 1
| #define HAVE_STDLIB_H 1
| #define HAVE_STRING_H 1
| #define HAVE_MEMORY_H 1
| #define HAVE_STRINGS_H 1
| #define HAVE_INTTYPES_H 1
| #define HAVE_STDINT_H 1
| #define HAVE_UNISTD_H 1
| #define HAVE_DLFCN_H 1
| #define LT_OBJDIR ".libs/"
| #define PYTHON_LIB_NAME "python2.6"
| #define _NO_LIBXML 1
| #define _LIBPNG14 1
| #define _NO_LIBSPIRO 1
| /* end confdefs.h.  */
| #include <stdio.h>
| #ifdef HAVE_SYS_TYPES_H
| # include <sys/types.h>
| #endif
| #ifdef HAVE_SYS_STAT_H
| # include <sys/stat.h>
| #endif
| #ifdef STDC_HEADERS
| # include <stdlib.h>
| # include <stddef.h>
| #else
| # ifdef HAVE_STDLIB_H
| #  include <stdlib.h>
| # endif
| #endif
| #ifdef HAVE_STRING_H
| # if !defined STDC_HEADERS && defined HAVE_MEMORY_H
| #  include <memory.h>
| # endif
| # include <string.h>
| #endif
| #ifdef HAVE_STRINGS_H
| # include <strings.h>
| #endif
| #ifdef HAVE_INTTYPES_H
| # include <inttypes.h>
| #endif
| #ifdef HAVE_STDINT_H
| # include <stdint.h>
| #endif
| #ifdef HAVE_UNISTD_H
| # include <unistd.h>
| #endif
| #include <spiroentrypoints.h>
configure:13183: result: no
configure:13183: checking spiroentrypoints.h presence
configure:13183: gcc -E  -I/usr/include/python2.6 conftest.c
conftest.c:30:30: fatal error: spiroentrypoints.h: No such file or directory
compilation terminated.
configure:13183: $? = 1
configure: failed program was:
| /* confdefs.h */
| #define PACKAGE_NAME ""
| #define PACKAGE_TARNAME ""
| #define PACKAGE_VERSION ""
| #define PACKAGE_STRING ""
| #define PACKAGE_BUGREPORT ""
| #define PACKAGE_URL ""
| #define _NO_XKB 1
| #define _BrokenBitmapImages 1
| #define _ModKeysAutoRepeat 1
| #define __CygWin 1
| #define _NO_XINPUT 1
| #define STDC_HEADERS 1
| #define HAVE_SYS_TYPES_H 1
| #define HAVE_SYS_STAT_H 1
| #define HAVE_STDLIB_H 1
| #define HAVE_STRING_H 1
| #define HAVE_MEMORY_H 1
| #define HAVE_STRINGS_H 1
| #define HAVE_INTTYPES_H 1
| #define HAVE_STDINT_H 1
| #define HAVE_UNISTD_H 1
| #define HAVE_DLFCN_H 1
| #define LT_OBJDIR ".libs/"
| #define PYTHON_LIB_NAME "python2.6"
| #define _NO_LIBXML 1
| #define _LIBPNG14 1
| #define _NO_LIBSPIRO 1
| /* end confdefs.h.  */
| #include <spiroentrypoints.h>
configure:13183: result: no
configure:13183: checking for spiroentrypoints.h
configure:13183: result: no
configure:13194: checking for xmlParseFile in -lxml2
configure:13219: gcc -o conftest.exe -g -O2 -I/usr/include/freetype2/ -I/usr/include/freetype2  -I/usr/include/python2.6  -L/usr/local/lib conftest.c -lxml2 -liconv -lz -liconv  /usr/lib/python2.6/config/libpython2.6.dll.a >&5
/usr/lib/gcc/i686-pc-cygwin/4.5.3/../../../../i686-pc-cygwin/bin/ld: cannot find -lxml2
collect2: ld returned 1 exit status
configure:13219: $? = 1
configure: failed program was:
| /* confdefs.h */
| #define PACKAGE_NAME ""
| #define PACKAGE_TARNAME ""
| #define PACKAGE_VERSION ""
| #define PACKAGE_STRING ""
| #define PACKAGE_BUGREPORT ""
| #define PACKAGE_URL ""
| #define _NO_XKB 1
| #define _BrokenBitmapImages 1
| #define _ModKeysAutoRepeat 1
| #define __CygWin 1
| #define _NO_XINPUT 1
| #define STDC_HEADERS 1
| #define HAVE_SYS_TYPES_H 1
| #define HAVE_SYS_STAT_H 1
| #define HAVE_STDLIB_H 1
| #define HAVE_STRING_H 1
| #define HAVE_MEMORY_H 1
| #define HAVE_STRINGS_H 1
| #define HAVE_INTTYPES_H 1
| #define HAVE_STDINT_H 1
| #define HAVE_UNISTD_H 1
| #define HAVE_DLFCN_H 1
| #define LT_OBJDIR ".libs/"
| #define PYTHON_LIB_NAME "python2.6"
| #define _NO_LIBXML 1
| #define _LIBPNG14 1
| #define _NO_LIBSPIRO 1
| #define _NO_LIBSPIRO 1
| /* end confdefs.h.  */
| 
| /* Override any GCC internal prototype to avoid an error.
|    Use char because int might match the return type of a GCC
|    builtin and then its argument prototype would still apply.  */
| #ifdef __cplusplus
| extern "C"
| #endif
| char xmlParseFile ();
| int
| main ()
| {
| return xmlParseFile ();
|   ;
|   return 0;
| }
configure:13228: result: no
configure:13288: checking iconv.h usability
configure:13288: gcc -c -g -O2 -I/usr/include/freetype2/ -I/usr/include/freetype2  -I/usr/include/python2.6 conftest.c >&5
configure:13288: $? = 0
configure:13288: result: yes
configure:13288: checking iconv.h presence
configure:13288: gcc -E  -I/usr/include/python2.6 conftest.c
configure:13288: $? = 0
configure:13288: result: yes
configure:13288: checking for iconv.h
configure:13288: result: yes
configure:13301: checking langinfo.h usability
configure:13301: gcc -c -g -O2 -I/usr/include/freetype2/ -I/usr/include/freetype2  -I/usr/include/python2.6 conftest.c >&5
configure:13301: $? = 0
configure:13301: result: yes
configure:13301: checking langinfo.h presence
configure:13301: gcc -E  -I/usr/include/python2.6 conftest.c
configure:13301: $? = 0
configure:13301: result: yes
configure:13301: checking for langinfo.h
configure:13301: result: yes
configure:13315: checking ieeefp.h usability
configure:13315: gcc -c -g -O2 -I/usr/include/freetype2/ -I/usr/include/freetype2  -I/usr/include/python2.6 conftest.c >&5
configure:13315: $? = 0
configure:13315: result: yes
configure:13315: checking ieeefp.h presence
configure:13315: gcc -E  -I/usr/include/python2.6 conftest.c
configure:13315: $? = 0
configure:13315: result: yes
configure:13315: checking for ieeefp.h
configure:13315: result: yes
configure:13329: checking for stdint.h
configure:13329: result: yes
configure:13360: checking fontconfig/fontconfig.h usability
configure:13360: gcc -c -g -O2 -I/usr/include/freetype2/ -I/usr/include/freetype2   -I/usr/include/python2.6 conftest.c >&5
configure:13360: $? = 0
configure:13360: result: yes
configure:13360: checking fontconfig/fontconfig.h presence
configure:13360: gcc -E  -I/usr/include/python2.6 conftest.c
configure:13360: $? = 0
configure:13360: result: yes
configure:13360: checking for fontconfig/fontconfig.h
configure:13360: result: yes
configure:13363: checking for FcConfigCreate in -lfontconfig
configure:13388: gcc -o conftest.exe -g -O2 -I/usr/include/freetype2/ -I/usr/include/freetype2   -I/usr/include/python2.6   -L/usr/local/lib conftest.c -lfontconfig  -liconv  /usr/lib/python2.6/config/libpython2.6.dll.a >&5
configure:13388: $? = 0
configure:13397: result: yes
configure:13401: checking for cairo_set_scaled_font in -lcairo
configure:13426: gcc -o conftest.exe -g -O2 -I/usr/include/freetype2/ -I/usr/include/freetype2   -I/usr/include/python2.6   -L/usr/local/lib conftest.c -lcairo  -liconv  /usr/lib/python2.6/config/libpython2.6.dll.a >&5
configure:13426: $? = 0
configure:13435: result: yes
configure:13581: checking for FT_New_Memory_Face in -lfreetype
configure:13606: gcc -o conftest.exe -g -O2 -I/usr/include/freetype2/ -I/usr/include/freetype2 -I/usr/include/cairo -I/usr/include/pango-1.0 -I/usr/include/glib-2.0 -I/usr/lib/glib-2.0/include  -I/usr/include/python2.6  -L/usr/local/lib conftest.c -lfreetype  -liconv  /usr/lib/python2.6/config/libpython2.6.dll.a >&5
configure:13606: $? = 0
configure:13615: result: yes
configure:13688: checking for TT_RunIns in -lfreetype
configure:13713: gcc -o conftest.exe -g -O2 -I/usr/include/freetype2/ -I/usr/include/freetype2 -I/usr/include/cairo -I/usr/include/pango-1.0 -I/usr/include/glib-2.0 -I/usr/lib/glib-2.0/include  -I/usr/include/python2.6  -L/usr/local/lib conftest.c -lfreetype  -liconv  /usr/lib/python2.6/config/libpython2.6.dll.a >&5
configure:13713: $? = 0
configure:13722: result: yes
configure:13737: checking for pthread_create in -lpthread
configure:13762: gcc -o conftest.exe -g -O2 -I/usr/include/freetype2/ -I/usr/include/freetype2 -I/usr/include/cairo -I/usr/include/pango-1.0 -I/usr/include/glib-2.0 -I/usr/lib/glib-2.0/include  -I/usr/include/python2.6  -L/usr/local/lib conftest.c -lpthread  -liconv  /usr/lib/python2.6/config/libpython2.6.dll.a >&5
configure:13762: $? = 0
configure:13771: result: yes
configure:13778: checking pthread.h usability
configure:13778: gcc -c -g -O2 -I/usr/include/freetype2/ -I/usr/include/freetype2 -I/usr/include/cairo -I/usr/include/pango-1.0 -I/usr/include/glib-2.0 -I/usr/lib/glib-2.0/include  -I/usr/include/python2.6 conftest.c >&5
configure:13778: $? = 0
configure:13778: result: yes
configure:13778: checking pthread.h presence
configure:13778: gcc -E  -I/usr/include/python2.6 conftest.c
configure:13778: $? = 0
configure:13778: result: yes
configure:13778: checking for pthread.h
configure:13778: result: yes
configure:13824: checking trying to find the freetype source directory -- be patient
configure:13859: checking for snprintf
configure:13859: gcc -o conftest.exe -g -O2 -I/usr/include/freetype2/ -I/usr/include/freetype2 -I/usr/include/cairo -I/usr/include/pango-1.0 -I/usr/include/glib-2.0 -I/usr/lib/glib-2.0/include -I/usr/src/freetype-2.4.9/src/truetype/ -I/usr/src/freetype-2.4.9/src/truetype//../../include -I/usr/src/freetype-2.4.9/src/truetype//../../include/freetype  -I/usr/include/python2.6  -L/usr/local/lib conftest.c -liconv  /usr/lib/python2.6/config/libpython2.6.dll.a -lpthread >&5
conftest.c:61:6: warning: conflicting types for built-in function 'snprintf'
configure:13859: $? = 0
configure:13859: result: yes
configure:13870: checking for long double with more range or precision than double
configure:13905: gcc -c -g -O2 -I/usr/include/freetype2/ -I/usr/include/freetype2 -I/usr/include/cairo -I/usr/include/pango-1.0 -I/usr/include/glib-2.0 -I/usr/lib/glib-2.0/include -I/usr/src/freetype-2.4.9/src/truetype/ -I/usr/src/freetype-2.4.9/src/truetype//../../include -I/usr/src/freetype-2.4.9/src/truetype//../../include/freetype  -I/usr/include/python2.6 conftest.c >&5
configure:13905: $? = 0
configure:13912: result: yes
configure:13939: gcc -c -g -O2 -I/usr/include/freetype2/ -I/usr/include/freetype2 -I/usr/include/cairo -I/usr/include/pango-1.0 -I/usr/include/glib-2.0 -I/usr/lib/glib-2.0/include -I/usr/src/freetype-2.4.9/src/truetype/ -I/usr/src/freetype-2.4.9/src/truetype//../../include -I/usr/src/freetype-2.4.9/src/truetype//../../include/freetype  -I/usr/include/python2.6 conftest.c >&5
configure:13939: $? = 0
configure:13968: gcc -o conftest.exe -g -O2 -I/usr/include/freetype2/ -I/usr/include/freetype2 -I/usr/include/cairo -I/usr/include/pango-1.0 -I/usr/include/glib-2.0 -I/usr/lib/glib-2.0/include -I/usr/src/freetype-2.4.9/src/truetype/ -I/usr/src/freetype-2.4.9/src/truetype//../../include -I/usr/src/freetype-2.4.9/src/truetype//../../include/freetype  -I/usr/include/python2.6  -L/usr/local/lib conftest.c -liconv  /usr/lib/python2.6/config/libpython2.6.dll.a -lpthread >&5
/tmp/cc1os7y8.o: In function `main':
/home/Rudy/fontforge/conftest.c:52: undefined reference to `_bind_textdomain_codeset'
collect2: ld returned 1 exit status
configure:13968: $? = 1
configure: failed program was:
| /* confdefs.h */
| #define PACKAGE_NAME ""
| #define PACKAGE_TARNAME ""
| #define PACKAGE_VERSION ""
| #define PACKAGE_STRING ""
| #define PACKAGE_BUGREPORT ""
| #define PACKAGE_URL ""
| #define _NO_XKB 1
| #define _BrokenBitmapImages 1
| #define _ModKeysAutoRepeat 1
| #define __CygWin 1
| #define _NO_XINPUT 1
| #define STDC_HEADERS 1
| #define HAVE_SYS_TYPES_H 1
| #define HAVE_SYS_STAT_H 1
| #define HAVE_STDLIB_H 1
| #define HAVE_STRING_H 1
| #define HAVE_MEMORY_H 1
| #define HAVE_STRINGS_H 1
| #define HAVE_INTTYPES_H 1
| #define HAVE_STDINT_H 1
| #define HAVE_UNISTD_H 1
| #define HAVE_DLFCN_H 1
| #define LT_OBJDIR ".libs/"
| #define PYTHON_LIB_NAME "python2.6"
| #define _NO_LIBXML 1
| #define _LIBPNG14 1
| #define _NO_LIBSPIRO 1
| #define _NO_LIBSPIRO 1
| #define _NO_LIBXML 1
| #define HAVE_ICONV_H 1
| #define HAVE_LANGINFO_H 1
| #define HAVE_IEEEFP_H 1
| #define HAVE_STDINT_H 1
| #define HAVE_PTHREAD_H 1
| #define FREETYPE_HAS_DEBUGGER 1
| #define HAVE_LONG_DOUBLE_WIDER 1
| #define HAVE_LONG_DOUBLE 1
| #define _HAS_LONGLONG 1
| /* end confdefs.h.  */
| 
| /* Override any GCC internal prototype to avoid an error.
|    Use char because int might match the return type of a GCC
|    builtin and then its argument prototype would still apply.  */
| #ifdef __cplusplus
| extern "C"
| #endif
| char bind_textdomain_codeset ();
| int
| main ()
| {
| return bind_textdomain_codeset ();
|   ;
|   return 0;
| }
configure:13973: checking for bind_textdomain_codeset in -lintl
configure:13998: gcc -o conftest.exe -g -O2 -I/usr/include/freetype2/ -I/usr/include/freetype2 -I/usr/include/cairo -I/usr/include/pango-1.0 -I/usr/include/glib-2.0 -I/usr/lib/glib-2.0/include -I/usr/src/freetype-2.4.9/src/truetype/ -I/usr/src/freetype-2.4.9/src/truetype//../../include -I/usr/src/freetype-2.4.9/src/truetype//../../include/freetype  -I/usr/include/python2.6  -L/usr/local/lib conftest.c -lintl  -liconv  /usr/lib/python2.6/config/libpython2.6.dll.a -lpthread >&5
configure:13998: $? = 0
configure:14007: result: yes
configure:14021: checking libintl.h usability
configure:14021: gcc -c -g -O2 -I/usr/include/freetype2/ -I/usr/include/freetype2 -I/usr/include/cairo -I/usr/include/pango-1.0 -I/usr/include/glib-2.0 -I/usr/lib/glib-2.0/include -I/usr/src/freetype-2.4.9/src/truetype/ -I/usr/src/freetype-2.4.9/src/truetype//../../include -I/usr/src/freetype-2.4.9/src/truetype//../../include/freetype  -I/usr/include/python2.6 conftest.c >&5
configure:14021: $? = 0
configure:14021: result: yes
configure:14021: checking libintl.h presence
configure:14021: gcc -E  -I/usr/include/python2.6 conftest.c
configure:14021: $? = 0
configure:14021: result: yes
configure:14021: checking for libintl.h
configure:14021: result: yes
configure:14487: checking for /lib/libpng14.la
configure:14500: result: yes
configure:14576: checking for /lib/libtiff.la
configure:14589: result: yes
configure:14754: checking for /lib/libjpeg.la
configure:14767: result: yes
configure:14843: checking for /lib/libfreetype.la
configure:14856: result: yes
configure:15021: checking for /lib/libcairo.la
configure:15034: result: yes
configure:15108: checking for /lib/libfontconfig.la
configure:15121: result: yes
configure:15564: creating ./config.status

## ---------------------- ##
## Running config.status. ##
## ---------------------- ##

This file was extended by config.status, which was
generated by GNU Autoconf 2.68.  Invocation command line was

  CONFIG_FILES    = 
  CONFIG_HEADERS  = 
  CONFIG_LINKS    = 
  CONFIG_COMMANDS = 
  $ ./config.status 

on NevilleX201

config.status:1127: creating Makefile
config.status:1230: WARNING:  'Makefile.in' seems to ignore the --datarootdir setting
config.status:1127: creating Unicode/Makefile
config.status:1127: creating gutils/Makefile
config.status:1127: creating gdraw/Makefile
config.status:1127: creating fontforge/Makefile
config.status:1127: creating po/Makefile
config.status:1127: creating plugins/Makefile
config.status:1127: creating systemspecific
config.status:1127: creating fontforge.pc
config.status:1127: creating gtkui/Makefile
config.status:1127: creating inc/config.h
config.status:1316: executing libtool commands

## ---------------- ##
## Cache variables. ##
## ---------------- ##

ac_cv_build=i686-pc-cygwin
ac_cv_c_bigendian=no
ac_cv_c_compiler_gnu=yes
ac_cv_c_const=yes
ac_cv_c_long_double=yes
ac_cv_env_CC_set=
ac_cv_env_CC_value=
ac_cv_env_CFLAGS_set=
ac_cv_env_CFLAGS_value=
ac_cv_env_CPPFLAGS_set=
ac_cv_env_CPPFLAGS_value=
ac_cv_env_CPP_set=
ac_cv_env_CPP_value=
ac_cv_env_LDFLAGS_set=
ac_cv_env_LDFLAGS_value=
ac_cv_env_LIBS_set=
ac_cv_env_LIBS_value=
ac_cv_env_XMKMF_set=
ac_cv_env_XMKMF_value=
ac_cv_env_build_alias_set=
ac_cv_env_build_alias_value=
ac_cv_env_host_alias_set=
ac_cv_env_host_alias_value=
ac_cv_env_target_alias_set=
ac_cv_env_target_alias_value=
ac_cv_exeext=.exe
ac_cv_file__lib_libcairo_la=yes
ac_cv_file__lib_libfontconfig_la=yes
ac_cv_file__lib_libfreetype_la=yes
ac_cv_file__lib_libjpeg_la=yes
ac_cv_file__lib_libpng14_la=yes
ac_cv_file__lib_libtiff_la=yes
ac_cv_file__usr_include_freetype2=yes
ac_cv_file__usr_include_libxml2_libxml=no
ac_cv_file__usr_local_include_libxml2_libxml=no
ac_cv_func_connect=yes
ac_cv_func_gethostbyname=yes
ac_cv_func_remove=yes
ac_cv_func_shmat=yes
ac_cv_func_snprintf=yes
ac_cv_func_tzset=yes
ac_cv_have_x='have_x=yes	ac_x_includes='\'''\''	ac_x_libraries='\'''\'''
ac_cv_header_dlfcn_h=yes
ac_cv_header_fontconfig_fontconfig_h=yes
ac_cv_header_iconv_h=yes
ac_cv_header_ieeefp_h=yes
ac_cv_header_inttypes_h=yes
ac_cv_header_jpeglib_h=yes
ac_cv_header_langinfo_h=yes
ac_cv_header_libintl_h=yes
ac_cv_header_memory_h=yes
ac_cv_header_png_h=yes
ac_cv_header_pthread_h=yes
ac_cv_header_spiroentrypoints_h=no
ac_cv_header_stdc=yes
ac_cv_header_stdint_h=yes
ac_cv_header_stdlib_h=yes
ac_cv_header_string_h=yes
ac_cv_header_strings_h=yes
ac_cv_header_sys_stat_h=yes
ac_cv_header_sys_types_h=yes
ac_cv_header_tiffio_h=yes
ac_cv_header_unistd_h=yes
ac_cv_host=i686-pc-cygwin
ac_cv_lib_ICE_IceConnectionNumber=yes
ac_cv_lib_Xi_XOpenDevice=yes
ac_cv_lib_cairo_cairo_set_scaled_font=yes
ac_cv_lib_fontconfig_FcConfigCreate=yes
ac_cv_lib_freetype_FT_New_Memory_Face=yes
ac_cv_lib_freetype_TT_RunIns=yes
ac_cv_lib_gif_DGifOpenFileName=yes
ac_cv_lib_intl_bind_textdomain_codeset=yes
ac_cv_lib_jpeg_jpeg_CreateDecompress=yes
ac_cv_lib_png14_png_create_read_struct=yes
ac_cv_lib_png15_png_create_read_struct=no
ac_cv_lib_png16_png_create_read_struct=no
ac_cv_lib_pthread_pthread_create=yes
ac_cv_lib_spiro_TaggedSpiroCPsToBezier=no
ac_cv_lib_tiff_TIFFOpen=yes
ac_cv_lib_xkbui_XkbQueryExtension=no
ac_cv_lib_xml2_xmlParseFile=no
ac_cv_lib_z_deflateEnd=yes
ac_cv_objext=o
ac_cv_path_EGREP='/usr/bin/grep -E'
ac_cv_path_FGREP='/usr/bin/grep -F'
ac_cv_path_GREP=/usr/bin/grep
ac_cv_path_SED=/usr/bin/sed
ac_cv_path_install='/usr/bin/install -c'
ac_cv_prog_AWK=gawk
ac_cv_prog_CPP='gcc -E'
ac_cv_prog_ac_ct_AR=ar
ac_cv_prog_ac_ct_CC=gcc
ac_cv_prog_ac_ct_DLLTOOL=dlltool
ac_cv_prog_ac_ct_OBJDUMP=objdump
ac_cv_prog_ac_ct_RANLIB=ranlib
ac_cv_prog_ac_ct_STRIP=strip
ac_cv_prog_cc_c89=
ac_cv_prog_cc_g=yes
ac_cv_search_dlopen='none required'
ac_cv_search_iconv=no
ac_cv_search_inet_aton='none required'
ac_cv_search_libiconv=-liconv
ac_cv_type_long_double_wider=yes
lt_cv_ar_at_file=@
lt_cv_archive_cmds_need_lc=yes
lt_cv_deplibs_check_method='file_magic ^x86 archive import|^x86 DLL'
lt_cv_file_magic_cmd=func_win32_libid
lt_cv_file_magic_test_file=
lt_cv_ld_reload_flag=-r
lt_cv_nm_interface='BSD nm'
lt_cv_objdir=.libs
lt_cv_path_LD=/usr/i686-pc-cygwin/bin/ld.exe
lt_cv_path_NM='/usr/bin/nm -B'
lt_cv_path_mainfest_tool=no
lt_cv_prog_compiler_c_o=yes
lt_cv_prog_compiler_pic='-DDLL_EXPORT -DPIC'
lt_cv_prog_compiler_pic_works=yes
lt_cv_prog_compiler_rtti_exceptions=no
lt_cv_prog_compiler_static_works=yes
lt_cv_prog_gnu_ld=yes
lt_cv_sharedlib_from_linklib_cmd=func_cygming_dll_for_implib
lt_cv_sys_global_symbol_pipe='sed -n -e '\''s/^.*[	 ]\([ABCDGIRSTW][ABCDGIRSTW]*\)[	 ][	 ]*_\([_A-Za-z][_A-Za-z0-9]*\)$/\1 _\2 \2/p'\'' | sed '\''/ __gnu_lto/d'\'''
lt_cv_sys_global_symbol_to_c_name_address='sed -n -e '\''s/^: \([^ ]*\)[ ]*$/  {\"\1\", (void *) 0},/p'\'' -e '\''s/^[ABCDGIRSTW]* \([^ ]*\) \([^ ]*\)$/  {"\2", (void *) \&\2},/p'\'''
lt_cv_sys_global_symbol_to_c_name_address_lib_prefix='sed -n -e '\''s/^: \([^ ]*\)[ ]*$/  {\"\1\", (void *) 0},/p'\'' -e '\''s/^[ABCDGIRSTW]* \([^ ]*\) \(lib[^ ]*\)$/  {"\2", (void *) \&\2},/p'\'' -e '\''s/^[ABCDGIRSTW]* \([^ ]*\) \([^ ]*\)$/  {"lib\2", (void *) \&\2},/p'\'''
lt_cv_sys_global_symbol_to_cdecl='sed -n -e '\''s/^T .* \(.*\)$/extern int \1();/p'\'' -e '\''s/^[ABCDGIRSTW]* .* \(.*\)$/extern char \1;/p'\'''
lt_cv_sys_max_cmd_len=8192
lt_cv_to_host_file_cmd=func_convert_file_noop
lt_cv_to_tool_file_cmd=func_convert_file_noop

## ----------------- ##
## Output variables. ##
## ----------------- ##

AR='ar'
AWK='gawk'
CC='gcc'
CFLAGS='-g -O2 -I/usr/include/freetype2/ -I/usr/include/freetype2 -I/usr/include/cairo -I/usr/include/pango-1.0 -I/usr/include/glib-2.0 -I/usr/lib/glib-2.0/include -I/usr/src/freetype-2.4.9/src/truetype/ -I/usr/src/freetype-2.4.9/src/truetype//../../include -I/usr/src/freetype-2.4.9/src/truetype//../../include/freetype'
CFLAGS_NOOPT='-g  -I/usr/include/freetype2/ -I/usr/include/freetype2 -I/usr/include/cairo -I/usr/include/pango-1.0 -I/usr/include/glib-2.0 -I/usr/lib/glib-2.0/include -I/usr/src/freetype-2.4.9/src/truetype/ -I/usr/src/freetype-2.4.9/src/truetype//../../include -I/usr/src/freetype-2.4.9/src/truetype//../../include/freetype'
CPP='gcc -E'
CPPFLAGS=' -I/usr/include/python2.6'
DEFS='-DHAVE_CONFIG_H'
DLLTOOL='dlltool'
DSYMUTIL=''
DUMPBIN=''
ECHO_C=''
ECHO_N='-n'
ECHO_T=''
EGREP='/usr/bin/grep -E'
EXEEXT='.exe'
FF_EXTRA_FILES=''
FGREP='/usr/bin/grep -F'
FINAL_TARGET='../libfontforge.la'
GDRAW_LIB='libgdraw'
GREP='/usr/bin/grep'
HOST='i686-pc-cygwin'
INSTALL_DATA='${INSTALL} -m 644'
INSTALL_PROGRAM='${INSTALL}'
INSTALL_SCRIPT='${INSTALL}'
LD='/usr/i686-pc-cygwin/bin/ld.exe'
LDFLAGS=' -L/usr/local/lib'
LIBOBJS=''
LIBS='-liconv  /usr/lib/python2.6/config/libpython2.6.dll.a -lpthread -lintl'
LIBTOOL='$(SHELL) $(top_builddir)/libtool'
LINK_WITH_GDRAW='../libgdraw.la'
LIPO=''
LN_S='ln -s'
LTLIBOBJS=''
MACAPP=''
MANIFEST_TOOL=':'
NM='/usr/bin/nm -B'
NMEDIT=''
OBJDUMP='objdump'
OBJEXT='o'
OTOOL64=''
OTOOL=''
O_EXTENSION='lo'
PACKAGE_BUGREPORT=''
PACKAGE_NAME=''
PACKAGE_STRING=''
PACKAGE_TARNAME=''
PACKAGE_URL=''
PACKAGE_VERSION=''
PATH_SEPARATOR=':'
PYDEFINES=''
PYINCLUDE=''
PYLIBS=''
PYPREFIX=''
RANLIB='ranlib'
SED='/usr/bin/sed'
SHELL='/bin/sh'
STATIC_LIBS=''
STRIP='strip'
VERSION=''
WFLAGS='-Wmissing-prototypes -Wunused -Wimplicit -Wreturn-type -Wparentheses -Wformat -Wchar-subscripts'
XMKMF=''
X_11LIB='-lXi -lX11'
X_CFLAGS=''
X_EXTRA_LIBS=''
X_LIBS=''
X_PRE_LIBS=' -lSM -lICE  -lXft'
ac_ct_AR='ar'
ac_ct_CC='gcc'
ac_ct_DUMPBIN=''
bindir='${exec_prefix}/bin'
build='i686-pc-cygwin'
build_alias=''
build_cpu='i686'
build_os='cygwin'
build_vendor='pc'
datadir='${datarootdir}'
datarootdir='${prefix}/share'
docdir='${datarootdir}/doc/${PACKAGE}'
dvidir='${docdir}'
exeOBJECTS='fontforge_UIOBJECTS'
exec_prefix='${prefix}'
host='i686-pc-cygwin'
host_alias=''
host_cpu='i686'
host_os='cygwin'
host_vendor='pc'
htmldir='${docdir}'
includedir='${prefix}/include'
infodir='${datarootdir}/info'
libdir='${exec_prefix}/lib'
libexecdir='${exec_prefix}/libexec'
localedir='${datarootdir}/locale'
localstatedir='${prefix}/var'
mandir='${datarootdir}/man'
oldincludedir='/usr/include'
pdfdir='${docdir}'
prefix='/usr/local'
program_transform_name='s,x,x,'
psdir='${docdir}'
sbindir='${exec_prefix}/sbin'
sharedstatedir='${prefix}/com'
sysconfdir='${prefix}/etc'
target_alias=''

## ----------- ##
## confdefs.h. ##
## ----------- ##

/* confdefs.h */
#define PACKAGE_NAME ""
#define PACKAGE_TARNAME ""
#define PACKAGE_VERSION ""
#define PACKAGE_STRING ""
#define PACKAGE_BUGREPORT ""
#define PACKAGE_URL ""
#define _NO_XKB 1
#define _BrokenBitmapImages 1
#define _ModKeysAutoRepeat 1
#define __CygWin 1
#define _NO_XINPUT 1
#define STDC_HEADERS 1
#define HAVE_SYS_TYPES_H 1
#define HAVE_SYS_STAT_H 1
#define HAVE_STDLIB_H 1
#define HAVE_STRING_H 1
#define HAVE_MEMORY_H 1
#define HAVE_STRINGS_H 1
#define HAVE_INTTYPES_H 1
#define HAVE_STDINT_H 1
#define HAVE_UNISTD_H 1
#define HAVE_DLFCN_H 1
#define LT_OBJDIR ".libs/"
#define PYTHON_LIB_NAME "python2.6"
#define _NO_LIBXML 1
#define _LIBPNG14 1
#define _NO_LIBSPIRO 1
#define _NO_LIBSPIRO 1
#define _NO_LIBXML 1
#define HAVE_ICONV_H 1
#define HAVE_LANGINFO_H 1
#define HAVE_IEEEFP_H 1
#define HAVE_STDINT_H 1
#define HAVE_PTHREAD_H 1
#define FREETYPE_HAS_DEBUGGER 1
#define HAVE_LONG_DOUBLE_WIDER 1
#define HAVE_LONG_DOUBLE 1
#define _HAS_LONGLONG 1
#define HAVE_LIBINTL_H 1
#define _STATIC_LIBPANGO 1
#define FONTFORGE_CONFIG_DEVICETABLES 1

configure: exit 0
